This file contains any messages produced by compilers while
running configure, to aid debugging if configure makes a mistake.

It was created by Lua-cURL configure 0.2.2, which was
generated by GNU Autoconf 2.68.  Invocation command line was

  $ ./configure --no-create --no-recursion

## --------- ##
## Platform. ##
## --------- ##

hostname = note
uname -m = x86_64
uname -r = 3.6.0-gentoo-note
uname -s = Linux
uname -v = #1 SMP PREEMPT Fri Oct 5 16:03:54 NOVT 2012

/usr/bin/uname -p = Intel(R) Core(TM) i3-2310M CPU @ 2.10GHz
/bin/uname -X     = unknown

/bin/arch              = unknown
/usr/bin/arch -k       = unknown
/usr/convex/getsysinfo = unknown
/usr/bin/hostinfo      = unknown
/bin/machine           = unknown
/usr/bin/oslevel       = unknown
/bin/universe          = unknown

PATH: /home/mva/.bin
PATH: /usr/lib/colorgcc/bin
PATH: /usr/local/bin
PATH: /usr/bin
PATH: /bin
PATH: /opt/bin
PATH: /usr/x86_64-pc-linux-gnu/gcc-bin/4.6.3
PATH: /usr/games/bin


## ----------- ##
## Core tests. ##
## ----------- ##

configure:2154: checking for a BSD-compatible install
configure:2222: result: /usr/bin/install -c
configure:2233: checking whether build environment is sane
configure:2283: result: yes
configure:2424: checking for a thread-safe mkdir -p
configure:2463: result: /bin/mkdir -p
configure:2476: checking for gawk
configure:2492: found /usr/bin/gawk
configure:2503: result: gawk
configure:2514: checking whether make sets $(MAKE)
configure:2536: result: yes
configure:2664: checking for gcc
configure:2680: found /usr/lib/colorgcc/bin/gcc
configure:2691: result: gcc
configure:2920: checking for C compiler version
configure:2929: gcc --version >&5
gcc (Gentoo 4.6.3 p1.3, pie-0.5.2) 4.6.3
Copyright (C) 2011 Free Software Foundation, Inc.
This is free software; see the source for copying conditions.  There is NO
warranty; not even for MERCHANTABILITY or FITNESS FOR A PARTICULAR PURPOSE.

configure:2940: $? = 0
configure:2929: gcc -v >&5
Using built-in specs.
COLLECT_GCC=/usr/x86_64-pc-linux-gnu/gcc-bin/4.6.3/gcc
COLLECT_LTO_WRAPPER=/usr/libexec/gcc/x86_64-pc-linux-gnu/4.6.3/lto-wrapper
Target: x86_64-pc-linux-gnu
Configured with: /var/tmp/portage/sys-devel/gcc-4.6.3/work/gcc-4.6.3/configure --prefix=/usr --bindir=/usr/x86_64-pc-linux-gnu/gcc-bin/4.6.3 --includedir=/usr/lib/gcc/x86_64-pc-linux-gnu/4.6.3/include --datadir=/usr/share/gcc-data/x86_64-pc-linux-gnu/4.6.3 --mandir=/usr/share/gcc-data/x86_64-pc-linux-gnu/4.6.3/man --infodir=/usr/share/gcc-data/x86_64-pc-linux-gnu/4.6.3/info --with-gxx-include-dir=/usr/lib/gcc/x86_64-pc-linux-gnu/4.6.3/include/g++-v4 --host=x86_64-pc-linux-gnu --build=x86_64-pc-linux-gnu --disable-altivec --disable-fixed-point --with-ppl --with-cloog --disable-ppl-version-check --with-cloog-include=/usr/include/cloog-ppl --enable-lto --enable-nls --without-included-gettext --with-system-zlib --enable-obsolete --disable-werror --enable-secureplt --enable-multilib --enable-libmudflap --disable-libssp --enable-libgomp --with-python-dir=/share/gcc-data/x86_64-pc-linux-gnu/4.6.3/python --enable-checking=release --enable-objc-gc --enable-languages=c,c++,java,objc,obj-c++,fortran --enable-shared --enable-threads=posix --enable-__cxa_atexit --enable-clocale=gnu --enable-targets=all --with-bugurl=http://bugs.gentoo.org/ --with-pkgversion='Gentoo 4.6.3 p1.3, pie-0.5.2'
Thread model: posix
gcc version 4.6.3 (Gentoo 4.6.3 p1.3, pie-0.5.2) 
configure:2940: $? = 0
configure:2929: gcc -V >&5
gcc: error: unrecognized option '-V'
gcc: fatal error: no input files
compilation terminated.
configure:2940: $? = 1
configure:2929: gcc -qversion >&5
gcc: error: unrecognized option '-qversion'
gcc: fatal error: no input files
compilation terminated.
configure:2940: $? = 1
configure:2960: checking whether the C compiler works
configure:2982: gcc    conftest.c  >&5
configure:2986: $? = 0
configure:3034: result: yes
configure:3037: checking for C compiler default output file name
configure:3039: result: a.out
configure:3045: checking for suffix of executables
configure:3052: gcc -o conftest    conftest.c  >&5
configure:3056: $? = 0
configure:3078: result: 
configure:3100: checking whether we are cross compiling
configure:3108: gcc -o conftest    conftest.c  >&5
configure:3112: $? = 0
configure:3119: ./conftest
configure:3123: $? = 0
configure:3138: result: no
configure:3143: checking for suffix of object files
configure:3165: gcc -c   conftest.c >&5
configure:3169: $? = 0
configure:3190: result: o
configure:3194: checking whether we are using the GNU C compiler
configure:3213: gcc -c   conftest.c >&5
configure:3213: $? = 0
configure:3222: result: yes
configure:3231: checking whether gcc accepts -g
configure:3251: gcc -c -g  conftest.c >&5
configure:3251: $? = 0
configure:3292: result: yes
configure:3309: checking for gcc option to accept ISO C89
configure:3373: gcc  -c -g -O2  conftest.c >&5
configure:3373: $? = 0
configure:3386: result: none needed
configure:3417: checking for style of include used by make
configure:3445: result: GNU
configure:3471: checking dependency style of gcc
configure:3582: result: gcc3
configure:3657: checking build system type
configure:3671: result: x86_64-unknown-linux-gnu
configure:3691: checking host system type
configure:3704: result: x86_64-unknown-linux-gnu
configure:3745: checking how to print strings
configure:3772: result: printf
configure:3793: checking for a sed that does not truncate output
configure:3857: result: /bin/sed
configure:3875: checking for grep that handles long lines and -e
configure:3933: result: /bin/grep
configure:3938: checking for egrep
configure:4000: result: /bin/grep -E
configure:4005: checking for fgrep
configure:4067: result: /bin/grep -F
configure:4102: checking for ld used by gcc
configure:4169: result: /usr/x86_64-pc-linux-gnu/bin/ld
configure:4176: checking if the linker (/usr/x86_64-pc-linux-gnu/bin/ld) is GNU ld
configure:4191: result: yes
configure:4203: checking for BSD- or MS-compatible name lister (nm)
configure:4252: result: /usr/bin/nm -B
configure:4382: checking the name lister (/usr/bin/nm -B) interface
configure:4389: gcc -c -g -O2  conftest.c >&5
configure:4392: /usr/bin/nm -B "conftest.o"
configure:4395: output
0000000000000000 B some_variable
configure:4402: result: BSD nm
configure:4405: checking whether ln -s works
configure:4409: result: yes
configure:4417: checking the maximum length of command line arguments
configure:4547: result: 1572864
configure:4564: checking whether the shell understands some XSI constructs
configure:4574: result: yes
configure:4578: checking whether the shell understands "+="
configure:4584: result: yes
configure:4619: checking how to convert x86_64-unknown-linux-gnu file names to x86_64-unknown-linux-gnu format
configure:4659: result: func_convert_file_noop
configure:4666: checking how to convert x86_64-unknown-linux-gnu file names to toolchain format
configure:4686: result: func_convert_file_noop
configure:4693: checking for /usr/x86_64-pc-linux-gnu/bin/ld option to reload object files
configure:4700: result: -r
configure:4774: checking for objdump
configure:4790: found /usr/bin/objdump
configure:4801: result: objdump
configure:4833: checking how to recognize dependent libraries
configure:5035: result: pass_all
configure:5120: checking for dlltool
configure:5150: result: no
configure:5180: checking how to associate runtime and link libraries
configure:5207: result: printf %s\n
configure:5268: checking for ar
configure:5284: found /usr/bin/ar
configure:5295: result: ar
configure:5332: checking for archiver @FILE support
configure:5349: gcc -c -g -O2  conftest.c >&5
configure:5349: $? = 0
configure:5352: ar cru libconftest.a @conftest.lst >&5
configure:5355: $? = 0
configure:5360: ar cru libconftest.a @conftest.lst >&5
ar: conftest.o: No such file or directory
configure:5363: $? = 1
configure:5375: result: @
configure:5433: checking for strip
configure:5449: found /usr/bin/strip
configure:5460: result: strip
configure:5532: checking for ranlib
configure:5548: found /usr/bin/ranlib
configure:5559: result: ranlib
configure:5661: checking command to parse /usr/bin/nm -B output from gcc object
configure:5781: gcc -c -g -O2  conftest.c >&5
configure:5784: $? = 0
configure:5788: /usr/bin/nm -B conftest.o \| sed -n -e 's/^.*[ ]\([ABCDGIRSTW][ABCDGIRSTW]*\)[ ][ ]*\([_A-Za-z][_A-Za-z0-9]*\)$/\1 \2 \2/p' | sed '/ __gnu_lto/d' \> conftest.nm
configure:5791: $? = 0
configure:5857: gcc -o conftest -g -O2   conftest.c conftstm.o >&5
configure:5860: $? = 0
configure:5898: result: ok
configure:5935: checking for sysroot
configure:5965: result: no
configure:6042: gcc -c -g -O2  conftest.c >&5
configure:6045: $? = 0
configure:6221: checking for mt
configure:6251: result: no
configure:6271: checking if : is a manifest tool
configure:6277: : '-?'
configure:6285: result: no
configure:6927: checking how to run the C preprocessor
configure:6958: gcc -E  conftest.c
configure:6958: $? = 0
configure:6972: gcc -E  conftest.c
conftest.c:11:28: fatal error: ac_nonexistent.h: No such file or directory
compilation terminated.
configure:6972: $? = 1
configure: failed program was:
| /* confdefs.h */
| #define PACKAGE_NAME "Lua-cURL"
| #define PACKAGE_TARNAME "lua-curl"
| #define PACKAGE_VERSION "0.2.2"
| #define PACKAGE_STRING "Lua-cURL 0.2.2"
| #define PACKAGE_BUGREPORT ""
| #define PACKAGE_URL ""
| #define PACKAGE "lua-curl"
| #define VERSION "0.2.2"
| /* end confdefs.h.  */
| #include <ac_nonexistent.h>
configure:6997: result: gcc -E
configure:7017: gcc -E  conftest.c
configure:7017: $? = 0
configure:7031: gcc -E  conftest.c
conftest.c:11:28: fatal error: ac_nonexistent.h: No such file or directory
compilation terminated.
configure:7031: $? = 1
configure: failed program was:
| /* confdefs.h */
| #define PACKAGE_NAME "Lua-cURL"
| #define PACKAGE_TARNAME "lua-curl"
| #define PACKAGE_VERSION "0.2.2"
| #define PACKAGE_STRING "Lua-cURL 0.2.2"
| #define PACKAGE_BUGREPORT ""
| #define PACKAGE_URL ""
| #define PACKAGE "lua-curl"
| #define VERSION "0.2.2"
| /* end confdefs.h.  */
| #include <ac_nonexistent.h>
configure:7060: checking for ANSI C header files
configure:7080: gcc -c -g -O2  conftest.c >&5
configure:7080: $? = 0
configure:7153: gcc -o conftest -g -O2   conftest.c  >&5
configure:7153: $? = 0
configure:7153: ./conftest
configure:7153: $? = 0
configure:7164: result: yes
configure:7177: checking for sys/types.h
configure:7177: gcc -c -g -O2  conftest.c >&5
configure:7177: $? = 0
configure:7177: result: yes
configure:7177: checking for sys/stat.h
configure:7177: gcc -c -g -O2  conftest.c >&5
configure:7177: $? = 0
configure:7177: result: yes
configure:7177: checking for stdlib.h
configure:7177: gcc -c -g -O2  conftest.c >&5
configure:7177: $? = 0
configure:7177: result: yes
configure:7177: checking for string.h
configure:7177: gcc -c -g -O2  conftest.c >&5
configure:7177: $? = 0
configure:7177: result: yes
configure:7177: checking for memory.h
configure:7177: gcc -c -g -O2  conftest.c >&5
configure:7177: $? = 0
configure:7177: result: yes
configure:7177: checking for strings.h
configure:7177: gcc -c -g -O2  conftest.c >&5
configure:7177: $? = 0
configure:7177: result: yes
configure:7177: checking for inttypes.h
configure:7177: gcc -c -g -O2  conftest.c >&5
configure:7177: $? = 0
configure:7177: result: yes
configure:7177: checking for stdint.h
configure:7177: gcc -c -g -O2  conftest.c >&5
configure:7177: $? = 0
configure:7177: result: yes
configure:7177: checking for unistd.h
configure:7177: gcc -c -g -O2  conftest.c >&5
configure:7177: $? = 0
configure:7177: result: yes
configure:7191: checking for dlfcn.h
configure:7191: gcc -c -g -O2  conftest.c >&5
configure:7191: $? = 0
configure:7191: result: yes
configure:7367: checking for objdir
configure:7382: result: .libs
configure:7649: checking if gcc supports -fno-rtti -fno-exceptions
configure:7667: gcc -c -g -O2  -fno-rtti -fno-exceptions conftest.c >&5
cc1: warning: command line option '-fno-rtti' is valid for C++/ObjC++ but not for C [enabled by default]
configure:7671: $? = 0
configure:7684: result: no
configure:8011: checking for gcc option to produce PIC
configure:8018: result: -fPIC -DPIC
configure:8026: checking if gcc PIC flag -fPIC -DPIC works
configure:8044: gcc -c -g -O2  -fPIC -DPIC -DPIC conftest.c >&5
configure:8048: $? = 0
configure:8061: result: yes
configure:8090: checking if gcc static flag -static works
configure:8118: result: yes
configure:8133: checking if gcc supports -c -o file.o
configure:8154: gcc -c -g -O2  -o out/conftest2.o conftest.c >&5
configure:8158: $? = 0
configure:8180: result: yes
configure:8188: checking if gcc supports -c -o file.o
configure:8235: result: yes
configure:8268: checking whether the gcc linker (/usr/x86_64-pc-linux-gnu/bin/ld -m elf_x86_64) supports shared libraries
configure:9421: result: yes
configure:9458: checking whether -lc should be explicitly linked in
configure:9466: gcc -c -g -O2  conftest.c >&5
configure:9469: $? = 0
configure:9484: gcc -shared  -fPIC -DPIC conftest.o  -v -Wl,-soname -Wl,conftest -o conftest 2\>\&1 \| /bin/grep  -lc  \>/dev/null 2\>\&1
configure:9487: $? = 0
configure:9501: result: no
configure:9661: checking dynamic linker characteristics
configure:10185: gcc -o conftest -g -O2   -Wl,-rpath -Wl,/foo conftest.c  >&5
configure:10185: $? = 0
configure:10407: result: GNU/Linux ld.so
configure:10514: checking how to hardcode library paths into programs
configure:10539: result: immediate
configure:11079: checking whether stripping libraries is possible
configure:11084: result: yes
configure:11119: checking if libtool supports shared libraries
configure:11121: result: yes
configure:11124: checking whether to build shared libraries
configure:11145: result: yes
configure:11148: checking whether to build static libraries
configure:11152: result: no
configure:11244: checking for pkg-config
configure:11262: found /usr/bin/pkg-config
configure:11274: result: /usr/bin/pkg-config
configure:11299: checking pkg-config is at least version 0.9.0
configure:11302: result: yes
configure:11312: checking for LUA
configure:11319: $PKG_CONFIG --exists --print-errors "lua"
configure:11322: $? = 0
configure:11336: $PKG_CONFIG --exists --print-errors "lua"
configure:11339: $? = 0
configure:11397: result: yes
configure:11403: checking for CURL
configure:11410: $PKG_CONFIG --exists --print-errors "libcurl"
configure:11413: $? = 0
configure:11427: $PKG_CONFIG --exists --print-errors "libcurl"
configure:11430: $? = 0
configure:11488: result: yes
configure:11502: using Lua module directory /usr/lib/lua/5.1
configure:11674: creating ./config.status

## ---------------- ##
## Cache variables. ##
## ---------------- ##

ac_cv_build=x86_64-unknown-linux-gnu
ac_cv_c_compiler_gnu=yes
ac_cv_env_CC_set=
ac_cv_env_CC_value=
ac_cv_env_CFLAGS_set=
ac_cv_env_CFLAGS_value=
ac_cv_env_CPPFLAGS_set=
ac_cv_env_CPPFLAGS_value=
ac_cv_env_CPP_set=
ac_cv_env_CPP_value=
ac_cv_env_CURL_CFLAGS_set=
ac_cv_env_CURL_CFLAGS_value=
ac_cv_env_CURL_LIBS_set=
ac_cv_env_CURL_LIBS_value=
ac_cv_env_LDFLAGS_set=
ac_cv_env_LDFLAGS_value=
ac_cv_env_LIBS_set=
ac_cv_env_LIBS_value=
ac_cv_env_LUA_CFLAGS_set=
ac_cv_env_LUA_CFLAGS_value=
ac_cv_env_LUA_LIBS_set=
ac_cv_env_LUA_LIBS_value=
ac_cv_env_PKG_CONFIG_LIBDIR_set=
ac_cv_env_PKG_CONFIG_LIBDIR_value=
ac_cv_env_PKG_CONFIG_PATH_set=
ac_cv_env_PKG_CONFIG_PATH_value=
ac_cv_env_PKG_CONFIG_set=
ac_cv_env_PKG_CONFIG_value=
ac_cv_env_build_alias_set=
ac_cv_env_build_alias_value=
ac_cv_env_host_alias_set=
ac_cv_env_host_alias_value=
ac_cv_env_target_alias_set=
ac_cv_env_target_alias_value=
ac_cv_header_dlfcn_h=yes
ac_cv_header_inttypes_h=yes
ac_cv_header_memory_h=yes
ac_cv_header_stdc=yes
ac_cv_header_stdint_h=yes
ac_cv_header_stdlib_h=yes
ac_cv_header_string_h=yes
ac_cv_header_strings_h=yes
ac_cv_header_sys_stat_h=yes
ac_cv_header_sys_types_h=yes
ac_cv_header_unistd_h=yes
ac_cv_host=x86_64-unknown-linux-gnu
ac_cv_objext=o
ac_cv_path_EGREP='/bin/grep -E'
ac_cv_path_FGREP='/bin/grep -F'
ac_cv_path_GREP=/bin/grep
ac_cv_path_SED=/bin/sed
ac_cv_path_ac_pt_PKG_CONFIG=/usr/bin/pkg-config
ac_cv_path_install='/usr/bin/install -c'
ac_cv_path_mkdir=/bin/mkdir
ac_cv_prog_AWK=gawk
ac_cv_prog_CPP='gcc -E'
ac_cv_prog_ac_ct_AR=ar
ac_cv_prog_ac_ct_CC=gcc
ac_cv_prog_ac_ct_OBJDUMP=objdump
ac_cv_prog_ac_ct_RANLIB=ranlib
ac_cv_prog_ac_ct_STRIP=strip
ac_cv_prog_cc_c89=
ac_cv_prog_cc_g=yes
ac_cv_prog_make_make_set=yes
am_cv_CC_dependencies_compiler_type=gcc3
lt_cv_ar_at_file=@
lt_cv_archive_cmds_need_lc=no
lt_cv_deplibs_check_method=pass_all
lt_cv_file_magic_cmd='$MAGIC_CMD'
lt_cv_file_magic_test_file=
lt_cv_ld_reload_flag=-r
lt_cv_nm_interface='BSD nm'
lt_cv_objdir=.libs
lt_cv_path_LD=/usr/x86_64-pc-linux-gnu/bin/ld
lt_cv_path_NM='/usr/bin/nm -B'
lt_cv_path_mainfest_tool=no
lt_cv_prog_compiler_c_o=yes
lt_cv_prog_compiler_pic='-fPIC -DPIC'
lt_cv_prog_compiler_pic_works=yes
lt_cv_prog_compiler_rtti_exceptions=no
lt_cv_prog_compiler_static_works=yes
lt_cv_prog_gnu_ld=yes
lt_cv_sharedlib_from_linklib_cmd='printf %s\n'
lt_cv_shlibpath_overrides_runpath=yes
lt_cv_sys_global_symbol_pipe='sed -n -e '\''s/^.*[	 ]\([ABCDGIRSTW][ABCDGIRSTW]*\)[	 ][	 ]*\([_A-Za-z][_A-Za-z0-9]*\)$/\1 \2 \2/p'\'' | sed '\''/ __gnu_lto/d'\'''
lt_cv_sys_global_symbol_to_c_name_address='sed -n -e '\''s/^: \([^ ]*\)[ ]*$/  {\"\1\", (void *) 0},/p'\'' -e '\''s/^[ABCDGIRSTW]* \([^ ]*\) \([^ ]*\)$/  {"\2", (void *) \&\2},/p'\'''
lt_cv_sys_global_symbol_to_c_name_address_lib_prefix='sed -n -e '\''s/^: \([^ ]*\)[ ]*$/  {\"\1\", (void *) 0},/p'\'' -e '\''s/^[ABCDGIRSTW]* \([^ ]*\) \(lib[^ ]*\)$/  {"\2", (void *) \&\2},/p'\'' -e '\''s/^[ABCDGIRSTW]* \([^ ]*\) \([^ ]*\)$/  {"lib\2", (void *) \&\2},/p'\'''
lt_cv_sys_global_symbol_to_cdecl='sed -n -e '\''s/^T .* \(.*\)$/extern int \1();/p'\'' -e '\''s/^[ABCDGIRSTW]* .* \(.*\)$/extern char \1;/p'\'''
lt_cv_sys_max_cmd_len=1572864
lt_cv_to_host_file_cmd=func_convert_file_noop
lt_cv_to_tool_file_cmd=func_convert_file_noop
pkg_cv_CURL_CFLAGS=' '
pkg_cv_CURL_LIBS='-lcurl  '
pkg_cv_LUA_CFLAGS='-I/usr/include/luajit-2.0  '
pkg_cv_LUA_LIBS='-L/usr/lib -lluajit-5.1  '

## ----------------- ##
## Output variables. ##
## ----------------- ##

ACLOCAL='${SHELL} /home/mva/.vcs_repos/lua-curl/missing --run aclocal-1.11'
AMDEPBACKSLASH='\'
AMDEP_FALSE='#'
AMDEP_TRUE=''
AMTAR='$${TAR-tar}'
AR='ar'
AUTOCONF='${SHELL} /home/mva/.vcs_repos/lua-curl/missing --run autoconf'
AUTOHEADER='${SHELL} /home/mva/.vcs_repos/lua-curl/missing --run autoheader'
AUTOMAKE='${SHELL} /home/mva/.vcs_repos/lua-curl/missing --run automake-1.11'
AWK='gawk'
CC='gcc'
CCDEPMODE='depmode=gcc3'
CFLAGS='-g -O2'
CMOD_INSTALL='/usr/lib/lua/5.1'
CPP='gcc -E'
CPPFLAGS=''
CURL_CFLAGS=' '
CURL_LIBS='-lcurl  '
CYGPATH_W='echo'
DEFS='-DPACKAGE_NAME=\"Lua-cURL\" -DPACKAGE_TARNAME=\"lua-curl\" -DPACKAGE_VERSION=\"0.2.2\" -DPACKAGE_STRING=\"Lua-cURL\ 0.2.2\" -DPACKAGE_BUGREPORT=\"\" -DPACKAGE_URL=\"\" -DPACKAGE=\"lua-curl\" -DVERSION=\"0.2.2\" -DSTDC_HEADERS=1 -DHAVE_SYS_TYPES_H=1 -DHAVE_SYS_STAT_H=1 -DHAVE_STDLIB_H=1 -DHAVE_STRING_H=1 -DHAVE_MEMORY_H=1 -DHAVE_STRINGS_H=1 -DHAVE_INTTYPES_H=1 -DHAVE_STDINT_H=1 -DHAVE_UNISTD_H=1 -DHAVE_DLFCN_H=1 -DLT_OBJDIR=\".libs/\"'
DEPDIR='.deps'
DLLTOOL='false'
DSYMUTIL=''
DUMPBIN=''
ECHO_C=''
ECHO_N='-n'
ECHO_T=''
EGREP='/bin/grep -E'
EXEEXT=''
FGREP='/bin/grep -F'
GREP='/bin/grep'
INSTALL_DATA='${INSTALL} -m 644'
INSTALL_PROGRAM='${INSTALL}'
INSTALL_SCRIPT='${INSTALL}'
INSTALL_STRIP_PROGRAM='$(install_sh) -c -s'
LD='/usr/x86_64-pc-linux-gnu/bin/ld -m elf_x86_64'
LDFLAGS=''
LIBOBJS=''
LIBS=''
LIBTOOL='$(SHELL) $(top_builddir)/libtool'
LIPO=''
LN_S='ln -s'
LTLIBOBJS=''
LUA_CFLAGS='-I/usr/include/luajit-2.0  '
LUA_LIBS='-L/usr/lib -lluajit-5.1  '
MAKEINFO='${SHELL} /home/mva/.vcs_repos/lua-curl/missing --run makeinfo'
MANIFEST_TOOL=':'
MKDIR_P='/bin/mkdir -p'
NM='/usr/bin/nm -B'
NMEDIT=''
OBJDUMP='objdump'
OBJEXT='o'
OTOOL64=''
OTOOL=''
PACKAGE='lua-curl'
PACKAGE_BUGREPORT=''
PACKAGE_NAME='Lua-cURL'
PACKAGE_STRING='Lua-cURL 0.2.2'
PACKAGE_TARNAME='lua-curl'
PACKAGE_URL=''
PACKAGE_VERSION='0.2.2'
PATH_SEPARATOR=':'
PKG_CONFIG='/usr/bin/pkg-config'
PKG_CONFIG_LIBDIR=''
PKG_CONFIG_PATH=''
RANLIB='ranlib'
SED='/bin/sed'
SET_MAKE=''
SHELL='/bin/sh'
STRIP='strip'
VERSION='0.2.2'
ac_ct_AR='ar'
ac_ct_CC='gcc'
ac_ct_DUMPBIN=''
am__EXEEXT_FALSE=''
am__EXEEXT_TRUE='#'
am__fastdepCC_FALSE='#'
am__fastdepCC_TRUE=''
am__include='include'
am__isrc=''
am__leading_dot='.'
am__nodep='_no'
am__quote=''
am__tar='$${TAR-tar} chof - "$$tardir"'
am__untar='$${TAR-tar} xf -'
bindir='${exec_prefix}/bin'
build='x86_64-unknown-linux-gnu'
build_alias=''
build_cpu='x86_64'
build_os='linux-gnu'
build_vendor='unknown'
datadir='${datarootdir}'
datarootdir='${prefix}/share'
docdir='${datarootdir}/doc/${PACKAGE_TARNAME}'
dvidir='${docdir}'
exec_prefix='${prefix}'
host='x86_64-unknown-linux-gnu'
host_alias=''
host_cpu='x86_64'
host_os='linux-gnu'
host_vendor='unknown'
htmldir='${docdir}'
includedir='${prefix}/include'
infodir='${datarootdir}/info'
install_sh='${SHELL} /home/mva/.vcs_repos/lua-curl/install-sh'
libdir='${exec_prefix}/lib'
libexecdir='${exec_prefix}/libexec'
localedir='${datarootdir}/locale'
localstatedir='${prefix}/var'
mandir='${datarootdir}/man'
mkdir_p='/bin/mkdir -p'
oldincludedir='/usr/include'
pdfdir='${docdir}'
prefix='/usr/local'
program_transform_name='s,x,x,'
psdir='${docdir}'
sbindir='${exec_prefix}/sbin'
sharedstatedir='${prefix}/com'
sysconfdir='${prefix}/etc'
target_alias=''

## ----------- ##
## confdefs.h. ##
## ----------- ##

/* confdefs.h */
#define PACKAGE_NAME "Lua-cURL"
#define PACKAGE_TARNAME "lua-curl"
#define PACKAGE_VERSION "0.2.2"
#define PACKAGE_STRING "Lua-cURL 0.2.2"
#define PACKAGE_BUGREPORT ""
#define PACKAGE_URL ""
#define PACKAGE "lua-curl"
#define VERSION "0.2.2"
#define STDC_HEADERS 1
#define HAVE_SYS_TYPES_H 1
#define HAVE_SYS_STAT_H 1
#define HAVE_STDLIB_H 1
#define HAVE_STRING_H 1
#define HAVE_MEMORY_H 1
#define HAVE_STRINGS_H 1
#define HAVE_INTTYPES_H 1
#define HAVE_STDINT_H 1
#define HAVE_UNISTD_H 1
#define HAVE_DLFCN_H 1
#define LT_OBJDIR ".libs/"

configure: exit 0

## ---------------------- ##
## Running config.status. ##
## ---------------------- ##

This file was extended by Lua-cURL config.status 0.2.2, which was
generated by GNU Autoconf 2.68.  Invocation command line was

  CONFIG_FILES    = 
  CONFIG_HEADERS  = 
  CONFIG_LINKS    = 
  CONFIG_COMMANDS = 
  $ ./config.status 

on note

config.status:1019: creating Makefile
config.status:1019: creating src/Makefile
config.status:1191: executing depfiles commands
config.status:1191: executing libtool commands
